nohup: ignoring input
INFO:     Will watch for changes in these directories: ['/home/spider/Documents/website/strongnodecapitalinvestment_orignal_copy/sttrongnodecapitals']
Traceback (most recent call last):
  File "/home/spider/Documents/website/strongnodecapitalinvestment_orignal_copy/sttrongnodecapitals/.venv/bin/uvicorn", line 6, in <module>
    sys.exit(main())
             ~~~~^^
  File "/home/spider/Documents/website/strongnodecapitalinvestment_orignal_copy/sttrongnodecapitals/.venv/lib/python3.13/site-packages/click/core.py", line 1524, in __call__
    return self.main(*args, **kwargs)
           ~~~~~~~~~^^^^^^^^^^^^^^^^^
  File "/home/spider/Documents/website/strongnodecapitalinvestment_orignal_copy/sttrongnodecapitals/.venv/lib/python3.13/site-packages/click/core.py", line 1445, in main
    rv = self.invoke(ctx)
  File "/home/spider/Documents/website/strongnodecapitalinvestment_orignal_copy/sttrongnodecapitals/.venv/lib/python3.13/site-packages/click/core.py", line 1308, in invoke
    return ctx.invoke(self.callback, **ctx.params)
           ~~~~~~~~~~^^^^^^^^^^^^^^^^^^^^^^^^^^^^^
  File "/home/spider/Documents/website/strongnodecapitalinvestment_orignal_copy/sttrongnodecapitals/.venv/lib/python3.13/site-packages/click/core.py", line 877, in invoke
    return callback(*args, **kwargs)
  File "/home/spider/Documents/website/strongnodecapitalinvestment_orignal_copy/sttrongnodecapitals/.venv/lib/python3.13/site-packages/uvicorn/main.py", line 441, in main
    run(
    ~~~^
        app,
        ^^^^
    ...<48 lines>...
        reset_contextvars=reset_contextvars,
        ^^^^^^^^^^^^^^^^^^^^^^^^^^^^^^^^^^^^
    )
    ^
  File "/home/spider/Documents/website/strongnodecapitalinvestment_orignal_copy/sttrongnodecapitals/.venv/lib/python3.13/site-packages/uvicorn/main.py", line 609, in run
    config.load_app()
    ~~~~~~~~~~~~~~~^^
  File "/home/spider/Documents/website/strongnodecapitalinvestment_orignal_copy/sttrongnodecapitals/.venv/lib/python3.13/site-packages/uvicorn/config.py", line 415, in load_app
    return import_from_string(self.app)
  File "/home/spider/Documents/website/strongnodecapitalinvestment_orignal_copy/sttrongnodecapitals/.venv/lib/python3.13/site-packages/uvicorn/importer.py", line 19, in import_from_string
    module = importlib.import_module(module_str)
  File "/usr/lib/python3.13/importlib/__init__.py", line 88, in import_module
    return _bootstrap._gcd_import(name[level:], package, level)
           ~~~~~~~~~~~~~~~~~~~~~~^^^^^^^^^^^^^^^^^^^^^^^^^^^^^^
  File "<frozen importlib._bootstrap>", line 1387, in _gcd_import
  File "<frozen importlib._bootstrap>", line 1360, in _find_and_load
  File "<frozen importlib._bootstrap>", line 1331, in _find_and_load_unlocked
  File "<frozen importlib._bootstrap>", line 935, in _load_unlocked
  File "<frozen importlib._bootstrap_external>", line 1023, in exec_module
  File "<frozen importlib._bootstrap>", line 488, in _call_with_frames_removed
  File "/home/spider/Documents/website/strongnodecapitalinvestment_orignal_copy/sttrongnodecapitals/main.py", line 5, in <module>
    from backend.core.database import engine, SessionLocal, Base
  File "/home/spider/Documents/website/strongnodecapitalinvestment_orignal_copy/sttrongnodecapitals/backend/core/database.py", line 1, in <module>
    from sqlalchemy import create_engine
  File "/home/spider/Documents/website/strongnodecapitalinvestment_orignal_copy/sttrongnodecapitals/.venv/lib/python3.13/site-packages/sqlalchemy/__init__.py", line 13, in <module>
    from .engine import AdaptedConnection as AdaptedConnection
  File "/home/spider/Documents/website/strongnodecapitalinvestment_orignal_copy/sttrongnodecapitals/.venv/lib/python3.13/site-packages/sqlalchemy/engine/__init__.py", line 18, in <module>
    from . import events as events
  File "/home/spider/Documents/website/strongnodecapitalinvestment_orignal_copy/sttrongnodecapitals/.venv/lib/python3.13/site-packages/sqlalchemy/engine/events.py", line 19, in <module>
    from .base import Connection
  File "/home/spider/Documents/website/strongnodecapitalinvestment_orignal_copy/sttrongnodecapitals/.venv/lib/python3.13/site-packages/sqlalchemy/engine/base.py", line 30, in <module>
    from .interfaces import BindTyping
  File "/home/spider/Documents/website/strongnodecapitalinvestment_orignal_copy/sttrongnodecapitals/.venv/lib/python3.13/site-packages/sqlalchemy/engine/interfaces.py", line 38, in <module>
    from ..sql.compiler import Compiled as Compiled
  File "/home/spider/Documents/website/strongnodecapitalinvestment_orignal_copy/sttrongnodecapitals/.venv/lib/python3.13/site-packages/sqlalchemy/sql/__init__.py", line 14, in <module>
    from .compiler import COLLECT_CARTESIAN_PRODUCTS as COLLECT_CARTESIAN_PRODUCTS
  File "/home/spider/Documents/website/strongnodecapitalinvestment_orignal_copy/sttrongnodecapitals/.venv/lib/python3.13/site-packages/sqlalchemy/sql/compiler.py", line 615, in <module>
    class InsertmanyvaluesSentinelOpts(FastIntFlag):
    ...<14 lines>...
        RENDER_SELECT_COL_CASTS = 64
  File "/home/spider/Documents/website/strongnodecapitalinvestment_orignal_copy/sttrongnodecapitals/.venv/lib/python3.13/site-packages/sqlalchemy/util/langhelpers.py", line 1663, in __init__
    sym = symbol(k, canonical=v)
  File "/home/spider/Documents/website/strongnodecapitalinvestment_orignal_copy/sttrongnodecapitals/.venv/lib/python3.13/site-packages/sqlalchemy/util/langhelpers.py", line 1635, in __new__
    raise TypeError(
    ...<2 lines>...
    )
TypeError: Can't replace canonical symbol for '__firstlineno__' with new int value 615
